2022-02-28 10:21:47,503 - Ожидание подключения...
2022-02-28 10:24:28,677 - Идет восстановление изображения
2022-02-28 10:24:28,719 - Изображение восстановлено
2022-02-28 10:25:53,829 - Ожидание подключения...
2022-02-28 10:26:56,254 - Ожидание подключения...
2022-02-28 10:27:02,070 - Идет восстановление изображения
2022-02-28 10:27:02,106 - Изображение восстановлено
2022-02-28 10:33:18,491 - Идет восстановление изображения
2022-02-28 10:33:18,533 - Изображение восстановлено
2022-02-28 10:42:04,166 - Ожидание подключения...
2022-02-28 10:42:12,903 - Идет восстановление изображения
2022-02-28 10:42:12,949 - Изображение восстановлено
2022-02-28 10:46:43,415 - Wait connect...
2022-02-28 10:46:51,813 - Идет восстановление изображения
2022-02-28 10:46:51,856 - Изображение восстановлено
2022-02-28 10:52:28,449 - Wait connect...
2022-02-28 10:52:32,389 - Идет восстановление изображения
2022-02-28 10:53:06,197 - Wait connect...
2022-02-28 10:53:10,487 - Идет восстановление изображения
2022-02-28 10:53:31,552 - Wait connect...
2022-02-28 10:53:35,969 - Идет восстановление изображения
2022-02-28 10:53:36,015 - Изображение восстановлено
2022-02-28 11:01:35,368 - Wait connect...
2022-02-28 11:01:40,489 - Идет восстановление изображения
2022-02-28 11:01:40,538 - Изображение восстановлено
2022-02-28 11:02:22,415 - Wait connect...
2022-02-28 11:13:30,669 - Wait connect...
2022-02-28 11:13:37,352 - Идет восстановление изображения
2022-02-28 11:13:37,391 - Изображение восстановлено
2022-02-28 11:31:55,230 - Wait connect...
2022-02-28 11:32:01,082 - Идет восстановление изображения
2022-02-28 11:38:48,828 - Wait connect...
2022-02-28 11:38:53,633 - Идет восстановление изображения
2022-02-28 11:38:53,669 - Изображение восстановлено
2022-02-28 11:40:45,066 - Wait connect...
2022-02-28 11:44:02,873 - Wait connect...
2022-02-28 11:44:08,226 - Идет восстановление изображения
2022-02-28 11:54:51,538 - Wait connect...
2022-02-28 11:54:56,166 - Идет восстановление изображения
2022-02-28 11:58:12,674 - Изображение восстановлено
2022-02-28 12:00:55,065 - Идет восстановление изображения
2022-02-28 12:02:07,332 - Wait connect...
2022-02-28 12:02:12,526 - Идет восстановление изображения
2022-02-28 12:02:12,561 - Изображение восстановлено
2022-02-28 12:15:29,153 - Wait connect...
2022-02-28 12:15:33,785 - Идет восстановление изображения
2022-02-28 12:15:33,812 - Изображение восстановлено
2022-02-28 12:17:07,225 - Идет восстановление изображения
2022-02-28 12:17:07,244 - Изображение восстановлено
2022-02-28 12:24:47,274 - Wait connect...
2022-02-28 12:24:53,119 - Идет восстановление изображения
2022-02-28 12:24:53,146 - Изображение восстановлено
2022-02-28 12:26:42,688 - Wait connect...
2022-02-28 12:26:45,734 - Идет восстановление изображения
2022-02-28 12:27:08,182 - Wait connect...
2022-02-28 12:27:58,200 - Wait connect...
2022-02-28 12:28:02,596 - Идет восстановление изображения
2022-02-28 12:28:34,323 - Wait connect...
2022-02-28 12:28:39,719 - Идет восстановление изображения
2022-02-28 12:28:39,791 - Изображение восстановлено
2022-02-28 12:29:12,627 - Wait connect...
2022-02-28 14:11:30,869 - Ожидаем подключение...
2022-02-28 18:37:21,708 - Ожидаем подключение...
2022-02-28 18:37:32,033 - Изображение получено
2022-02-28 18:37:32,034 - Идет восстановление изображения...
2022-02-28 18:46:13,859 - Ожидаем подключение...
2022-02-28 18:46:17,416 - Изображение получено
2022-02-28 18:46:17,423 - Идет восстановление изображения...
2022-02-28 18:49:15,833 - Ожидаем подключение...
2022-02-28 18:49:19,948 - Изображение получено
2022-02-28 18:49:19,949 - Идет восстановление изображения...
2022-02-28 18:50:40,320 - Ожидаем подключение...
2022-02-28 18:50:46,737 - Ожидаем подключение...
2022-02-28 18:50:52,081 - Изображение получено
2022-02-28 18:50:52,082 - Идет восстановление изображения...
2022-02-28 19:08:08,044 - Ожидаем подключение...
2022-02-28 19:08:11,746 - Изображение получено
2022-02-28 19:08:11,747 - Идет восстановление изображения...
2022-02-28 19:10:36,586 - Ожидаем подключение...
2022-02-28 19:10:40,065 - Изображение получено
2022-02-28 19:10:40,065 - Идет восстановление изображения...
2022-02-28 19:11:18,579 - Ожидаем подключение...
2022-02-28 19:11:22,857 - Изображение получено
2022-02-28 19:11:22,858 - Идет восстановление изображения...
2022-02-28 19:27:31,419 - Ожидаем подключение...
2022-02-28 19:28:25,043 - Ожидаем подключение...
2022-02-28 19:28:42,747 - Ожидаем подключение...
2022-02-28 19:28:46,023 - Изображение получено
2022-02-28 19:28:46,024 - Идет восстановление изображения...
2022-02-28 20:00:33,673 - Ожидаем подключение...
2022-02-28 20:00:39,231 - Изображение получено
2022-02-28 20:00:39,231 - Идет восстановление изображения...
2022-02-28 20:01:16,450 - Ожидаем подключение...
2022-02-28 20:01:19,926 - Изображение получено
2022-02-28 20:01:19,926 - Идет восстановление изображения...
2022-02-28 20:08:57,931 - Ожидаем подключение...
2022-02-28 20:09:02,883 - Изображение получено
2022-02-28 20:09:02,884 - Идет восстановление изображения...
2022-02-28 20:09:41,980 - Ожидаем подключение...
2022-02-28 20:10:25,022 - Ожидаем подключение...
2022-02-28 20:10:59,069 - Ожидаем подключение...
2022-02-28 20:19:24,112 - Ожидаем подключение...
2022-02-28 20:19:27,459 - Изображение получено
2022-02-28 20:19:27,461 - Идет восстановление изображения...
2022-02-28 20:21:36,268 - Ожидаем подключение...
2022-02-28 20:21:39,423 - Изображение получено
2022-02-28 20:21:39,424 - Идет восстановление изображения...
2022-02-28 20:23:29,678 - Ожидаем подключение...
2022-02-28 20:23:33,980 - Изображение получено
2022-02-28 20:23:33,981 - Идет восстановление изображения...
2022-02-28 20:26:14,572 - Ожидаем подключение...
2022-02-28 20:26:21,618 - Изображение получено
2022-02-28 20:26:21,620 - Идет восстановление изображения...
2022-02-28 20:32:32,049 - Ожидаем подключение...
2022-02-28 20:32:35,216 - Изображение получено
2022-02-28 20:32:35,217 - Идет восстановление изображения...
2022-02-28 20:33:18,045 - Ожидаем подключение...
2022-02-28 20:33:55,338 - Ожидаем подключение...
2022-02-28 20:33:58,964 - Изображение получено
2022-02-28 20:33:58,966 - Идет восстановление изображения...
2022-02-28 20:35:18,972 - Ожидаем подключение...
2022-02-28 20:35:23,376 - Изображение получено
2022-02-28 20:35:23,399 - Идет восстановление изображения...
2022-02-28 20:35:23,418 - Изображение восстановлено
2022-02-28 21:02:04,479 - Ожидаем подключение...
2022-02-28 21:02:07,978 - Изображение получено
2022-02-28 21:02:07,979 - Идет восстановление изображения...
2022-02-28 21:02:32,241 - Ожидаем подключение...
2022-02-28 21:02:35,179 - Изображение получено
2022-02-28 21:02:35,180 - Идет восстановление изображения...
2022-02-28 21:03:54,836 - Ожидаем подключение...
2022-02-28 21:04:13,208 - Ожидаем подключение...
2022-02-28 21:04:57,797 - Изображение получено
2022-02-28 21:04:57,798 - Идет восстановление изображения...
2022-02-28 21:05:38,252 - Ожидаем подключение...
2022-02-28 21:05:42,207 - Изображение получено
2022-02-28 21:05:42,235 - Идет восстановление изображения...
2022-02-28 21:05:42,258 - Изображение восстановлено
2022-02-28 21:09:47,130 - Изображение получено
2022-02-28 21:09:47,153 - Идет восстановление изображения...
2022-02-28 21:09:47,173 - Изображение восстановлено
2022-02-28 21:10:31,372 - Ожидаем подключение...
2022-02-28 21:10:36,390 - Изображение получено
2022-02-28 21:10:36,442 - Идет восстановление изображения...
2022-02-28 21:10:36,458 - Изображение восстановлено
2022-02-28 21:12:48,648 - Изображение получено
2022-02-28 21:12:48,692 - Идет восстановление изображения...
2022-02-28 21:12:48,709 - Изображение восстановлено
2022-02-28 21:12:59,781 - Изображение получено
2022-02-28 21:12:59,821 - Идет восстановление изображения...
2022-02-28 21:12:59,840 - Изображение восстановлено
2022-02-28 21:19:46,398 - Ожидаем подключение...
2022-02-28 21:19:50,076 - Изображение получено
2022-02-28 21:19:50,135 - Идет восстановление изображения...
2022-02-28 21:19:50,151 - Изображение восстановлено
2022-02-28 21:30:53,240 - Ожидаем подключение...
2022-02-28 21:30:57,425 - Изображения получены
2022-02-28 21:30:57,440 - Идет восстановление изображения...
2022-02-28 21:30:57,463 - Изображение восстановлено
2022-02-28 21:37:04,847 - Ожидаем подключение...
2022-02-28 21:37:08,696 - Изображения получены
2022-02-28 21:37:08,697 - Идет восстановление изображения...
2022-02-28 21:38:08,775 - Ожидаем подключение...
2022-02-28 21:38:11,693 - Изображения получены
2022-02-28 21:38:11,735 - Идет восстановление изображения...
2022-02-28 21:38:11,754 - Изображение восстановлено
2022-02-28 21:38:31,085 - Ожидаем подключение...
2022-02-28 21:38:34,557 - Изображения получены
2022-02-28 21:38:34,579 - Идет восстановление изображения...
2022-02-28 21:38:34,596 - Изображение восстановлено
